INFO: 15:39:24 - main_pipeline.sensor:  Couldn't find Picarro at port COM9, shadowing sensor calls with substitute functions
INFO: 15:39:24 - main_pipeline.sensor:  Couldn't find Abakus at port COM9, shadowing sensor calls with substitute functions
INFO: 15:39:24 - main_pipeline.sensor:  Couldn't find Flowmeter at port COM3 and COM5, shadowing sensor calls with substitute functions
INFO: 15:39:24 - main_pipeline.sensor:  Couldn't find Dimetix laser at port COM8, shadowing sensor calls with substitute functions
INFO: 15:39:24 - sensor_interfaces.sim_instruments:  Fake hardware, pretending to use serial port COM9 with baud 38400
INFO: 15:39:24 - sensor_interfaces.sim_instruments:  Fake hardware, pretending to use serial port COM3 with baud 115200
INFO: 15:39:24 - sensor_interfaces.sim_instruments:  Fake hardware, pretending to use serial port COM5 with baud 115200
INFO: 15:39:24 - sensor_interfaces.sim_instruments:  Fake hardware, pretending to use serial port COM8 with baud 19200
INFO: 15:39:24 - sensor_interfaces.sim_instruments:  Fake hardware, pretending to use serial port COM9 with baud 19200
INFO: 15:39:24 - main_pipeline.sensor:  Sensor class initiated
INFO: 15:39:25 - main_pipeline.interpreter:  Interpretor class initiated
INFO: 15:39:25 - main_pipeline.display:  Display class initiated
INFO: 15:39:25 - executor:  Executor class initiated
INFO: 15:39:25 - executor:  Executor class initiated
INFO: 15:39:28 - main_pipeline.sensor:  Initializing sensors
INFO: 15:39:28 - sensor_interfaces.sim_instruments:  Initializing Abakus
INFO: 15:39:28 - sensor_interfaces.sim_instruments:  Abakus initialized
INFO: 15:39:28 - sensor_interfaces.sim_instruments:  Initializing Picarro
INFO: 15:39:28 - sensor_interfaces.sim_instruments:  Initialized Picarro
INFO: 15:39:28 - sensor_interfaces.sim_instruments:  Initializing Dimetix laser
INFO: 15:39:28 - sensor_interfaces.sim_instruments:  Laser initialized
INFO: 15:39:28 - sensor_interfaces.sim_instruments:  Initializing Flowmeter
INFO: 15:39:28 - sensor_interfaces.sim_instruments:  Flowmeter sli2000 initialized
INFO: 15:39:28 - sensor_interfaces.sim_instruments:  Initializing Flowmeter
INFO: 15:39:28 - sensor_interfaces.sim_instruments:  Flowmeter sls1500 initialized
INFO: 15:39:28 - main_pipeline.sensor:  Finished initializing sensors
INFO: 15:39:32 - executor:  Starting data collection
INFO: 15:39:32 - executor:  Starting data collection
INFO: 15:39:34 - executor:  Stopping data collection
INFO: 15:39:34 - executor:  Stopping data collection
INFO: 15:39:37 - executor:  Starting data collection
INFO: 15:39:37 - executor:  Starting data collection
INFO: 15:40:21 - executor:  Stopping data collection
INFO: 15:40:21 - executor:  Stopping data collection
INFO: 15:40:54 - main_pipeline.sensor:  Shutting down sensors
INFO: 15:40:54 - sensor_interfaces.sim_instruments:  Abakus measurements stopped
INFO: 15:40:54 - sensor_interfaces.sim_instruments:  Dimetix laser turned off
INFO: 15:40:54 - main_pipeline.sensor:  Finished shutting down sensors
INFO: 15:42:25 - main_pipeline.sensor:  Shutting down sensors
INFO: 15:42:25 - sensor_interfaces.sim_instruments:  Abakus measurements stopped
INFO: 15:42:25 - sensor_interfaces.sim_instruments:  Dimetix laser turned off
INFO: 15:42:25 - main_pipeline.sensor:  Finished shutting down sensors
INFO: 15:42:25 - executor:  Stopping data collection
INFO: 15:42:25 - executor:  Stopping data collection
INFO: 15:42:31 - main_pipeline.sensor:  Couldn't find Picarro at port COM9, shadowing sensor calls with substitute functions
INFO: 15:42:31 - main_pipeline.sensor:  Couldn't find Abakus at port COM9, shadowing sensor calls with substitute functions
INFO: 15:42:31 - main_pipeline.sensor:  Couldn't find Flowmeter at port COM3 and COM5, shadowing sensor calls with substitute functions
INFO: 15:42:31 - main_pipeline.sensor:  Couldn't find Dimetix laser at port COM8, shadowing sensor calls with substitute functions
INFO: 15:42:31 - sensor_interfaces.sim_instruments:  Fake hardware, pretending to use serial port COM9 with baud 38400
INFO: 15:42:31 - sensor_interfaces.sim_instruments:  Fake hardware, pretending to use serial port COM3 with baud 115200
INFO: 15:42:31 - sensor_interfaces.sim_instruments:  Fake hardware, pretending to use serial port COM5 with baud 115200
INFO: 15:42:31 - sensor_interfaces.sim_instruments:  Fake hardware, pretending to use serial port COM8 with baud 19200
INFO: 15:42:31 - sensor_interfaces.sim_instruments:  Fake hardware, pretending to use serial port COM9 with baud 19200
INFO: 15:42:31 - main_pipeline.sensor:  Sensor class initiated
INFO: 15:42:32 - main_pipeline.interpreter:  Interpretor class initiated
INFO: 15:42:32 - main_pipeline.display:  Display class initiated
INFO: 15:42:32 - executor:  Executor class initiated
INFO: 15:42:32 - executor:  Executor class initiated
INFO: 15:42:35 - main_pipeline.sensor:  Initializing sensors
INFO: 15:42:35 - sensor_interfaces.sim_instruments:  Initializing Abakus
INFO: 15:42:35 - sensor_interfaces.sim_instruments:  Abakus initialized
INFO: 15:42:35 - sensor_interfaces.sim_instruments:  Initializing Picarro
INFO: 15:42:35 - sensor_interfaces.sim_instruments:  Initialized Picarro
INFO: 15:42:35 - sensor_interfaces.sim_instruments:  Initializing Dimetix laser
INFO: 15:42:35 - sensor_interfaces.sim_instruments:  Laser initialized
INFO: 15:42:35 - sensor_interfaces.sim_instruments:  Initializing Flowmeter
INFO: 15:42:35 - sensor_interfaces.sim_instruments:  Flowmeter sli2000 initialized
INFO: 15:42:35 - sensor_interfaces.sim_instruments:  Initializing Flowmeter
INFO: 15:42:35 - sensor_interfaces.sim_instruments:  Flowmeter sls1500 initialized
INFO: 15:42:35 - main_pipeline.sensor:  Finished initializing sensors
INFO: 15:42:36 - executor:  Starting data collection
INFO: 15:42:36 - executor:  Starting data collection
INFO: 15:42:45 - executor:  Stopping data collection
INFO: 15:42:45 - executor:  Stopping data collection
INFO: 15:42:49 - executor:  Starting data collection
INFO: 15:42:49 - executor:  Starting data collection
INFO: 15:43:00 - executor:  Stopping data collection
INFO: 15:43:00 - executor:  Stopping data collection
INFO: 15:43:03 - main_pipeline.sensor:  Shutting down sensors
INFO: 15:43:03 - sensor_interfaces.sim_instruments:  Abakus measurements stopped
INFO: 15:43:03 - sensor_interfaces.sim_instruments:  Dimetix laser turned off
INFO: 15:43:03 - main_pipeline.sensor:  Finished shutting down sensors
INFO: 15:43:05 - main_pipeline.sensor:  Shutting down sensors
INFO: 15:43:05 - sensor_interfaces.sim_instruments:  Abakus measurements stopped
INFO: 15:43:05 - sensor_interfaces.sim_instruments:  Dimetix laser turned off
INFO: 15:43:05 - main_pipeline.sensor:  Finished shutting down sensors
INFO: 15:43:05 - executor:  Stopping data collection
INFO: 15:43:05 - executor:  Stopping data collection
